2025-11-18 15:39:06, MOVE, v:1, k:poo@pula-pula, mode:PICK
2025-11-18 15:39:07, EXEC, v:1, k:poo@pula-pula, mode:FULL, rate:0, size:54
2025-11-18 15:39:27, EXEC, v:1, k:poo@pula-pula, mode:FULL, rate:0, size:54
2025-11-18 15:40:12, EXEC, v:1, k:poo@pula-pula, mode:FULL, rate:0, size:54
2025-11-18 15:44:44, EXEC, v:1, k:poo@pula-pula, mode:FULL, rate:0, size:62
2025-11-18 15:45:04, EXEC, v:1, k:poo@pula-pula, mode:FULL, rate:0, size:60
2025-11-18 15:47:02, EXEC, v:1, k:poo@pula-pula, mode:FULL, rate:0, size:54
2025-11-18 15:49:58, EXEC, v:1, k:poo@pula-pula, mode:FULL, rate:0, size:54
2025-11-18 15:52:51, EXEC, v:1, k:poo@pula-pula, mode:FULL, rate:0, size:55
2025-11-18 15:53:43, EXEC, v:1, k:poo@pula-pula, mode:FULL, rate:0, size:55
2025-11-18 15:55:14, EXEC, v:1, k:poo@pula-pula, mode:FULL, rate:0
2025-11-18 15:56:48, EXEC, v:1, k:poo@pula-pula, mode:FULL, rate:0, size:55
2025-11-18 15:58:59, EXEC, v:1, k:poo@pula-pula, mode:FULL, rate:0
2025-11-18 16:10:41, MOVE, v:1, k:poo@pula-pula, mode:PICK
2025-11-18 16:10:43, EXEC, v:1, k:poo@pula-pula, mode:FULL, rate:0, size:52
2025-11-18 21:37:44, MOVE, v:1, k:poo@pula-pula, mode:PICK
2025-11-18 21:37:47, EXEC, v:1, k:poo@pula-pula, mode:FULL, rate:0, size:60
2025-11-18 21:37:56, EXEC, v:1, k:poo@pula-pula, mode:FULL, rate:0
2025-11-18 21:38:57, EXEC, v:1, k:poo@pula-pula, mode:FULL, rate:0, size:59
2025-11-18 21:43:08, EXEC, v:1, k:poo@pula-pula, mode:FULL, rate:0, size:62
2025-11-18 21:46:48, EXEC, v:1, k:poo@pula-pula, mode:FULL, rate:100, size:94
2025-11-18 21:47:32, MOVE, v:1, k:poo@pula-pula, mode:BACK
2025-11-18 21:49:31, MOVE, v:1, k:poo@pula-pula, mode:PICK
2025-11-18 21:49:32, EXEC, v:1, k:poo@pula-pula, mode:FULL, rate:0, size:62
2025-11-18 21:50:33, EXEC, v:1, k:poo@pula-pula, mode:FULL, rate:0
2025-11-18 21:52:41, EXEC, v:1, k:poo@pula-pula, mode:FULL, rate:0, size:62
2025-11-18 21:55:04, EXEC, v:1, k:poo@pula-pula, mode:FULL, rate:0, size:62
2025-11-18 21:57:34, EXEC, v:1, k:poo@pula-pula, mode:FULL, rate:0, size:62
2025-11-18 21:59:04, EXEC, v:1, k:poo@pula-pula, mode:FULL, rate:0, size:62
2025-11-18 22:01:17, EXEC, v:1, k:poo@pula-pula, mode:FULL, rate:0, size:62
2025-11-18 22:03:44, EXEC, v:1, k:poo@pula-pula, mode:FULL, rate:0, size:63
2025-11-18 22:04:05, EXEC, v:1, k:poo@pula-pula, mode:FULL, rate:0, size:63
2025-11-18 22:06:55, MOVE, v:1, k:poo@pula-pula, mode:BACK
2025-11-18 22:07:39, MOVE, v:1, k:poo@pula-pula, mode:PICK
2025-11-18 22:07:39, EXEC, v:1, k:poo@pula-pula, mode:FULL, rate:0, size:65
2025-11-18 22:10:37, EXEC, v:1, k:poo@pula-pula, mode:FULL, rate:0, size:69
2025-11-18 22:11:38, EXEC, v:1, k:poo@pula-pula, mode:FULL, rate:0, size:71
2025-11-18 22:12:29, EXEC, v:1, k:poo@pula-pula, mode:FULL, rate:0, size:71
2025-11-18 22:20:08, MOVE, v:1, k:poo@pula-pula, mode:BACK
2025-11-18 22:20:10, MOVE, v:1, k:poo@pula-pula, mode:PICK
2025-11-18 22:20:12, EXEC, v:1, k:poo@pula-pula, mode:FULL, rate:0, size:72
2025-11-18 22:22:05, EXEC, v:1, k:poo@pula-pula, mode:FULL, rate:0
2025-11-18 22:25:31, EXEC, v:1, k:poo@pula-pula, mode:FULL, rate:0, size:72
2025-11-18 22:27:27, EXEC, v:1, k:poo@pula-pula, mode:FULL, rate:0, size:72
2025-11-18 22:28:16, EXEC, v:1, k:poo@pula-pula, mode:FULL, rate:0, size:74
2025-11-18 22:30:01, EXEC, v:1, k:poo@pula-pula, mode:FULL, rate:0, size:74
2025-11-18 22:31:05, EXEC, v:1, k:poo@pula-pula, mode:FULL, rate:0, size:74
2025-11-18 22:31:20, EXEC, v:1, k:poo@pula-pula, mode:FULL, rate:20, size:74
2025-11-18 22:32:41, EXEC, v:1, k:poo@pula-pula, mode:FULL, rate:70, size:73
2025-11-18 22:37:38, MOVE, v:1, k:poo@pula-pula, mode:BACK
2025-11-18 22:37:56, MOVE, v:1, k:poo@pula-pula, mode:PICK
2025-11-18 22:37:56, EXEC, v:1, k:poo@pula-pula, mode:FULL, rate:0, size:75
2025-11-18 22:49:32, EXEC, v:1, k:poo@pula-pula, mode:FULL, rate:40, size:100
2025-11-18 22:50:10, EXEC, v:1, k:poo@pula-pula, mode:FULL, rate:40, size:98
2025-11-18 22:51:53, EXEC, v:1, k:poo@pula-pula, mode:FULL, rate:40, size:98
2025-11-18 22:53:37, EXEC, v:1, k:poo@pula-pula, mode:FULL, rate:90, size:98
2025-11-18 22:54:09, EXEC, v:1, k:poo@pula-pula, mode:FULL, rate:100, size:98
2025-11-18 22:54:12, MOVE, v:1, k:poo@pula-pula, mode:BACK
2025-11-18 22:54:55, SELF, v:1, k:poo@pula-pula, rate:100, human:amigo, iagen:gpt, alone:4, study:300
